生成启动时间为 2019-07-24 18:21:22。
     1>项目“E:\github\driver\serial\serialDriver\serialDriver\serialDriver.vcxproj”在节点 2 上(rebuild 个目标)。
     1>_PrepareForClean:
         正在删除文件“Release\serialDriver.lastbuildstate”。
       InitializeBuildStatus:
         正在创建“Release\serialDriver.unsuccessfulbuild”，因为已指定“AlwaysCreate”。
       ClCompile:
         D:\Program Files (x86)\Microsoft Visual Studio 10.0\VC\bin\CL.exe /c /IC:\WinDDK\7600.16385.1\inc\ddk /IC:\WinDDK\7600.16385.1\inc\api /IC:\WinDDK\7600.16385.1\inc\atl71 /Zi /nologo /W3 /WX- /O2 /Oi /Oy- /GL /D WIN32 /D _CONSOLE /D _X86_ /D _DDK_ /D _NDEBUG /D DBG=0 /D _MBCS /Gm- /EHsc /MD /GS- /Gy /fp:precise /Zc:wchar_t /Zc:forScope /Fo"Release\\" /Fd"Release\vc100.pdb" /Gz /TP /analyze- /errorReport:prompt main.cpp
         main.cpp
     1>main.cpp(144): warning C4101: “status”: 未引用的局部变量
       Link:
         D:\Program Files (x86)\Microsoft Visual Studio 10.0\VC\bin\link.exe /ERRORREPORT:PROMPT /OUT:"E:\github\driver\serial\serialDriver\Release\serialDriver.sys" /INCREMENTAL:NO /NOLOGO /LIBPATH:C:\WinDDK\7600.16385.1\lib\win7\i386 ntoskrnl.lib Hal.lib wdm.lib wdmsec.lib wmilib.lib ndis.lib MSVCRT.LIB LIBCMT.LIB kernel32.lib user32.lib gdi32.lib winspool.lib comdlg32.lib advapi32.lib shell32.lib ole32.lib oleaut32.lib uuid.lib odbc32.lib odbccp32.lib /MANIFEST:NO /DEBUG /PDB:"E:\github\driver\serial\serialDriver\Release\serialDriver.pdb" /SUBSYSTEM:NATIVE /Driver /OPT:REF /OPT:ICF /LTCG /TLBID:1 /ENTRY:"DriverEntry" /IMPLIB:"E:\github\driver\serial\serialDriver\Release\serialDriver.lib" /MACHINE:X86 Release\main.obj
         正在生成代码
         已完成代码的生成
         serialDriver.vcxproj -> E:\github\driver\serial\serialDriver\Release\serialDriver.sys
       FinalizeBuildStatus:
         正在删除文件“Release\serialDriver.unsuccessfulbuild”。
         正在对“Release\serialDriver.lastbuildstate”执行 Touch 任务。
     1>已完成生成项目“E:\github\driver\serial\serialDriver\serialDriver\serialDriver.vcxproj”(rebuild 个目标)的操作。

生成成功。

已用时间 00:00:01.24
